# JRE version: OpenJDK Runtime Environment Temurin-21.0.10+7 (21.0.10+7) (build 21.0.10+7-LTS)
# Java VM: OpenJDK 64-Bit Server VM Temurin-21.0.10+7 (21.0.10+7-LTS, mixed mode, sharing, tiered, compressed oops, compressed class ptrs, g1 gc, windows-amd64)
GC Precious Log:
 CardTable entry size: 512
 Card Set container configuration: InlinePtr #cards 4 size 8 Array Of Cards #cards 32 size 80 Howl #buckets 8 coarsen threshold 7372 Howl Bitmap #cards 1024 size 144 coarsen threshold 921 Card regions per heap region 1 cards per card region 8192
 CPUs: 4 total, 4 available
 Memory: 7886M
 Large Page Support: Disabled
 NUMA Support: Disabled
 Compressed Oops: Enabled (Zero based)
 Heap Region Size: 4M
 Heap Min Capacity: 8M
 Heap Initial Capacity: 124M
 Heap Max Capacity: 8G
 Pre-touch: Disabled
 Parallel Workers: 4
 Concurrent Workers: 1
 Concurrent Refinement Workers: 4
 Periodic GC: Disabled
Heap:
 garbage-first heap   total 389120K, used 151214K [0x0000000600000000, 0x0000000800000000)
  region size 4096K, 3 young (12288K), 1 survivors (4096K)
 Metaspace       used 111481K, committed 114048K, reserved 1179648K
  class space    used 15785K, committed 17088K, reserved 1048576K
GC Heap History (20 events):
Event: 537.613 GC heap before
{Heap before GC invocations=52 (full 0):
 garbage-first heap   total 237568K, used 135096K [0x0000000600000000, 0x0000000800000000)
  region size 4096K, 5 young (20480K), 1 survivors (4096K)
 Metaspace       used 109790K, committed 112320K, reserved 1179648K
  class space    used 15637K, committed 16896K, reserved 1048576K
}
Event: 537.623 GC heap after
{Heap after GC invocations=53 (full 0):
 garbage-first heap   total 237568K, used 119085K [0x0000000600000000, 0x0000000800000000)
  region size 4096K, 1 young (4096K), 1 survivors (4096K)
 Metaspace       used 109790K, committed 112320K, reserved 1179648K
  class space    used 15637K, committed 16896K, reserved 1048576K
}
Event: 543.447 GC heap before
{Heap before GC invocations=53 (full 0):
 garbage-first heap   total 237568K, used 143661K [0x0000000600000000, 0x0000000800000000)
  region size 4096K, 7 young (28672K), 1 survivors (4096K)
 Metaspace       used 110058K, committed 112640K, reserved 1179648K
  class space    used 15654K, committed 16896K, reserved 1048576K
}
Event: 543.469 GC heap after
{Heap after GC invocations=54 (full 0):
 garbage-first heap   total 237568K, used 122793K [0x0000000600000000, 0x0000000800000000)
  region size 4096K, 1 young (4096K), 1 survivors (4096K)
 Metaspace       used 110058K, committed 112640K, reserved 1179648K
  class space    used 15654K, committed 16896K, reserved 1048576K
}
Event: 544.193 GC heap before
{Heap before GC invocations=54 (full 0):
 garbage-first heap   total 237568K, used 126889K [0x0000000600000000, 0x0000000800000000)
  region size 4096K, 2 young (8192K), 1 survivors (4096K)
 Metaspace       used 110103K, committed 112640K, reserved 1179648K
  class space    used 15654K, committed 16896K, reserved 1048576K
}
Event: 544.209 GC heap after
{Heap after GC invocations=55 (full 0):
 garbage-first heap   total 237568K, used 124382K [0x0000000600000000, 0x0000000800000000)
  region size 4096K, 1 young (4096K), 1 survivors (4096K)
 Metaspace       used 110103K, committed 112640K, reserved 1179648K
  class space    used 15654K, committed 16896K, reserved 1048576K
}
Event: 545.025 GC heap before
{Heap before GC invocations=55 (full 0):
 garbage-first heap   total 237568K, used 157150K [0x0000000600000000, 0x0000000800000000)
  region size 4096K, 10 young (40960K), 1 survivors (4096K)
 Metaspace       used 110160K, committed 112704K, reserved 1179648K
  class space    used 15655K, committed 16896K, reserved 1048576K
}
Event: 545.041 GC heap after
{Heap after GC invocations=56 (full 0):
 garbage-first heap   total 389120K, used 126128K [0x0000000600000000, 0x0000000800000000)
  region size 4096K, 1 young (4096K), 1 survivors (4096K)
 Metaspace       used 110160K, committed 112704K, reserved 1179648K
  class space    used 15655K, committed 16896K, reserved 1048576K
}
Event: 546.691 GC heap before
{Heap before GC invocations=56 (full 0):
 garbage-first heap   total 389120K, used 162992K [0x0000000600000000, 0x0000000800000000)
  region size 4096K, 10 young (40960K), 1 survivors (4096K)
 Metaspace       used 110521K, committed 113152K, reserved 1179648K
  class space    used 15684K, committed 16960K, reserved 1048576K
}
Event: 546.700 GC heap after
{Heap after GC invocations=57 (full 0):
 garbage-first heap   total 389120K, used 130500K [0x0000000600000000, 0x0000000800000000)
  region size 4096K, 2 young (8192K), 2 survivors (8192K)
 Metaspace       used 110521K, committed 113152K, reserved 1179648K
  class space    used 15684K, committed 16960K, reserved 1048576K
}
Event: 1281.167 GC heap before
{Heap before GC invocations=57 (full 0):
 garbage-first heap   total 389120K, used 159172K [0x0000000600000000, 0x0000000800000000)
  region size 4096K, 10 young (40960K), 2 survivors (8192K)
 Metaspace       used 110765K, committed 113408K, reserved 1179648K
  class space    used 15709K, committed 17024K, reserved 1048576K
}
Event: 1281.320 GC heap after
{Heap after GC invocations=58 (full 0):
 garbage-first heap   total 389120K, used 132587K [0x0000000600000000, 0x0000000800000000)
  region size 4096K, 1 young (4096K), 1 survivors (4096K)
 Metaspace       used 110765K, committed 113408K, reserved 1179648K
  class space    used 15709K, committed 17024K, reserved 1048576K
}
Event: 1314.480 GC heap before
{Heap before GC invocations=58 (full 0):
 garbage-first heap   total 389120K, used 222699K [0x0000000600000000, 0x0000000800000000)
  region size 4096K, 23 young (94208K), 1 survivors (4096K)
 Metaspace       used 111009K, committed 113664K, reserved 1179648K
  class space    used 15710K, committed 17024K, reserved 1048576K
}
Event: 1314.651 GC heap after
{Heap after GC invocations=59 (full 0):
 garbage-first heap   total 389120K, used 139712K [0x0000000600000000, 0x0000000800000000)
  region size 4096K, 3 young (12288K), 3 survivors (12288K)
 Metaspace       used 111009K, committed 113664K, reserved 1179648K
  class space    used 15710K, committed 17024K, reserved 1048576K
}
Event: 1346.083 GC heap before
{Heap before GC invocations=59 (full 0):
 garbage-first heap   total 389120K, used 188864K [0x0000000600000000, 0x0000000800000000)
  region size 4096K, 15 young (61440K), 3 survivors (12288K)
 Metaspace       used 111093K, committed 113728K, reserved 1179648K
  class space    used 15714K, committed 17024K, reserved 1048576K
}
Event: 1346.780 GC heap after
{Heap after GC invocations=60 (full 0):
 garbage-first heap   total 389120K, used 141661K [0x0000000600000000, 0x0000000800000000)
  region size 4096K, 1 young (4096K), 1 survivors (4096K)
 Metaspace       used 111093K, committed 113728K, reserved 1179648K
  class space    used 15714K, committed 17024K, reserved 1048576K
}
Event: 1358.020 GC heap before
{Heap before GC invocations=60 (full 0):
 garbage-first heap   total 389120K, used 162141K [0x0000000600000000, 0x0000000800000000)
  region size 4096K, 6 young (24576K), 1 survivors (4096K)
 Metaspace       used 111156K, committed 113792K, reserved 1179648K
  class space    used 15717K, committed 17024K, reserved 1048576K
}
Event: 1358.571 GC heap after
{Heap after GC invocations=61 (full 0):
 garbage-first heap   total 389120K, used 143163K [0x0000000600000000, 0x0000000800000000)
  region size 4096K, 1 young (4096K), 1 survivors (4096K)
 Metaspace       used 111156K, committed 113792K, reserved 1179648K
  class space    used 15717K, committed 17024K, reserved 1048576K
}
Event: 1415.747 GC heap before
{Heap before GC invocations=61 (full 0):
 garbage-first heap   total 389120K, used 155451K [0x0000000600000000, 0x0000000800000000)
  region size 4096K, 4 young (16384K), 1 survivors (4096K)
 Metaspace       used 111215K, committed 113792K, reserved 1179648K
  class space    used 15727K, committed 17024K, reserved 1048576K
}
Event: 1415.764 GC heap after
{Heap after GC invocations=62 (full 0):
 garbage-first heap   total 389120K, used 147118K [0x0000000600000000, 0x0000000800000000)
  region size 4096K, 1 young (4096K), 1 survivors (4096K)
 Metaspace       used 111215K, committed 113792K, reserved 1179648K
  class space    used 15727K, committed 17024K, reserved 1048576K
}

