# JRE version: OpenJDK Runtime Environment Temurin-21.0.10+7 (21.0.10+7) (build 21.0.10+7-LTS)
# Java VM: OpenJDK 64-Bit Server VM Temurin-21.0.10+7 (21.0.10+7-LTS, mixed mode, sharing, tiered, compressed oops, compressed class ptrs, parallel gc, windows-amd64)
GC Precious Log:
 CardTable entry size: 512
 CPUs: 4 total, 4 available
 Memory: 7886M
 Large Page Support: Disabled
 NUMA Support: Disabled
 Compressed Oops: Enabled (32-bit)
 Alignments: Space 512K, Generation 512K, Heap 2M
 Heap Min Capacity: 100M
 Heap Initial Capacity: 100M
 Heap Max Capacity: 2G
 Pre-touch: Disabled
 Parallel Workers: 4
Heap:
 PSYoungGen      total 5632K, used 695K [0x00000000d5580000, 0x00000000d5c00000, 0x0000000100000000)
  eden space 4608K, 1% used [0x00000000d5580000,0x00000000d5595db8,0x00000000d5a00000)
  from space 1024K, 59% used [0x00000000d5b00000,0x00000000d5b98000,0x00000000d5c00000)
  to   space 1024K, 0% used [0x00000000d5a00000,0x00000000d5a00000,0x00000000d5b00000)
 ParOldGen       total 881664K, used 881397K [0x0000000080000000, 0x00000000b5d00000, 0x00000000d5580000)
  object space 881664K, 99% used [0x0000000080000000,0x00000000b5cbd6a0,0x00000000b5d00000)
 Metaspace       used 78985K, committed 80768K, reserved 1179648K
  class space    used 10088K, committed 10880K, reserved 1048576K
GC Heap History (20 events):
Event: 594.240 GC heap before
{Heap before GC invocations=1378 (full 3):
 PSYoungGen      total 5632K, used 5070K [0x00000000d5580000, 0x00000000d5c00000, 0x0000000100000000)
  eden space 4608K, 100% used [0x00000000d5580000,0x00000000d5a00000,0x00000000d5a00000)
  from space 1024K, 45% used [0x00000000d5b00000,0x00000000d5b73810,0x00000000d5c00000)
  to   space 1024K, 0% used [0x00000000d5a00000,0x00000000d5a00000,0x00000000d5b00000)
 ParOldGen       total 878080K, used 878054K [0x0000000080000000, 0x00000000b5980000, 0x00000000d5580000)
  object space 878080K, 99% used [0x0000000080000000,0x00000000b59799f8,0x00000000b5980000)
 Metaspace       used 78806K, committed 80576K, reserved 1179648K
  class space    used 10074K, committed 10880K, reserved 1048576K
}
Event: 594.243 GC heap after
{Heap after GC invocations=1378 (full 3):
 PSYoungGen      total 5632K, used 128K [0x00000000d5580000, 0x00000000d5b80000, 0x0000000100000000)
  eden space 4608K, 0% used [0x00000000d5580000,0x00000000d5580000,0x00000000d5a00000)
  from space 1024K, 12% used [0x00000000d5a00000,0x00000000d5a20000,0x00000000d5b00000)
  to   space 512K, 0% used [0x00000000d5b00000,0x00000000d5b00000,0x00000000d5b80000)
 ParOldGen       total 878592K, used 878498K [0x0000000080000000, 0x00000000b5a00000, 0x00000000d5580000)
  object space 878592K, 99% used [0x0000000080000000,0x00000000b59e8be0,0x00000000b5a00000)
 Metaspace       used 78806K, committed 80576K, reserved 1179648K
  class space    used 10074K, committed 10880K, reserved 1048576K
}
Event: 594.350 GC heap before
{Heap before GC invocations=1379 (full 3):
 PSYoungGen      total 5632K, used 4736K [0x00000000d5580000, 0x00000000d5b80000, 0x0000000100000000)
  eden space 4608K, 100% used [0x00000000d5580000,0x00000000d5a00000,0x00000000d5a00000)
  from space 1024K, 12% used [0x00000000d5a00000,0x00000000d5a20000,0x00000000d5b00000)
  to   space 512K, 0% used [0x00000000d5b00000,0x00000000d5b00000,0x00000000d5b80000)
 ParOldGen       total 878592K, used 878498K [0x0000000080000000, 0x00000000b5a00000, 0x00000000d5580000)
  object space 878592K, 99% used [0x0000000080000000,0x00000000b59e8be0,0x00000000b5a00000)
 Metaspace       used 78806K, committed 80576K, reserved 1179648K
  class space    used 10074K, committed 10880K, reserved 1048576K
}
Event: 594.354 GC heap after
{Heap after GC invocations=1379 (full 3):
 PSYoungGen      total 5120K, used 128K [0x00000000d5580000, 0x00000000d5b80000, 0x0000000100000000)
  eden space 4608K, 0% used [0x00000000d5580000,0x00000000d5580000,0x00000000d5a00000)
  from space 512K, 25% used [0x00000000d5b00000,0x00000000d5b20000,0x00000000d5b80000)
  to   space 512K, 0% used [0x00000000d5a80000,0x00000000d5a80000,0x00000000d5b00000)
 ParOldGen       total 878592K, used 878522K [0x0000000080000000, 0x00000000b5a00000, 0x00000000d5580000)
  object space 878592K, 99% used [0x0000000080000000,0x00000000b59eebe0,0x00000000b5a00000)
 Metaspace       used 78806K, committed 80576K, reserved 1179648K
  class space    used 10074K, committed 10880K, reserved 1048576K
}
Event: 595.166 GC heap before
{Heap before GC invocations=1380 (full 3):
 PSYoungGen      total 5120K, used 4736K [0x00000000d5580000, 0x00000000d5b80000, 0x0000000100000000)
  eden space 4608K, 100% used [0x00000000d5580000,0x00000000d5a00000,0x00000000d5a00000)
  from space 512K, 25% used [0x00000000d5b00000,0x00000000d5b20000,0x00000000d5b80000)
  to   space 512K, 0% used [0x00000000d5a80000,0x00000000d5a80000,0x00000000d5b00000)
 ParOldGen       total 878592K, used 878522K [0x0000000080000000, 0x00000000b5a00000, 0x00000000d5580000)
  object space 878592K, 99% used [0x0000000080000000,0x00000000b59eebe0,0x00000000b5a00000)
 Metaspace       used 78980K, committed 80768K, reserved 1179648K
  class space    used 10088K, committed 10880K, reserved 1048576K
}
Event: 595.168 GC heap after
{Heap after GC invocations=1380 (full 3):
 PSYoungGen      total 5120K, used 272K [0x00000000d5580000, 0x00000000d5b80000, 0x0000000100000000)
  eden space 4608K, 0% used [0x00000000d5580000,0x00000000d5580000,0x00000000d5a00000)
  from space 512K, 53% used [0x00000000d5a80000,0x00000000d5ac4010,0x00000000d5b00000)
  to   space 512K, 0% used [0x00000000d5b00000,0x00000000d5b00000,0x00000000d5b80000)
 ParOldGen       total 879104K, used 878594K [0x0000000080000000, 0x00000000b5a80000, 0x00000000d5580000)
  object space 879104K, 99% used [0x0000000080000000,0x00000000b5a00bf0,0x00000000b5a80000)
 Metaspace       used 78980K, committed 80768K, reserved 1179648K
  class space    used 10088K, committed 10880K, reserved 1048576K
}
Event: 598.061 GC heap before
{Heap before GC invocations=1381 (full 3):
 PSYoungGen      total 5120K, used 4880K [0x00000000d5580000, 0x00000000d5b80000, 0x0000000100000000)
  eden space 4608K, 100% used [0x00000000d5580000,0x00000000d5a00000,0x00000000d5a00000)
  from space 512K, 53% used [0x00000000d5a80000,0x00000000d5ac4010,0x00000000d5b00000)
  to   space 512K, 0% used [0x00000000d5b00000,0x00000000d5b00000,0x00000000d5b80000)
 ParOldGen       total 879104K, used 878594K [0x0000000080000000, 0x00000000b5a80000, 0x00000000d5580000)
  object space 879104K, 99% used [0x0000000080000000,0x00000000b5a00bf0,0x00000000b5a80000)
 Metaspace       used 78983K, committed 80768K, reserved 1179648K
  class space    used 10088K, committed 10880K, reserved 1048576K
}
Event: 598.069 GC heap after
{Heap after GC invocations=1381 (full 3):
 PSYoungGen      total 5120K, used 416K [0x00000000d5580000, 0x00000000d5b80000, 0x0000000100000000)
  eden space 4608K, 0% used [0x00000000d5580000,0x00000000d5580000,0x00000000d5a00000)
  from space 512K, 81% used [0x00000000d5b00000,0x00000000d5b68000,0x00000000d5b80000)
  to   space 512K, 0% used [0x00000000d5a80000,0x00000000d5a80000,0x00000000d5b00000)
 ParOldGen       total 879104K, used 878817K [0x0000000080000000, 0x00000000b5a80000, 0x00000000d5580000)
  object space 879104K, 99% used [0x0000000080000000,0x00000000b5a387b0,0x00000000b5a80000)
 Metaspace       used 78983K, committed 80768K, reserved 1179648K
  class space    used 10088K, committed 10880K, reserved 1048576K
}
Event: 602.012 GC heap before
{Heap before GC invocations=1382 (full 3):
 PSYoungGen      total 5120K, used 5024K [0x00000000d5580000, 0x00000000d5b80000, 0x0000000100000000)
  eden space 4608K, 100% used [0x00000000d5580000,0x00000000d5a00000,0x00000000d5a00000)
  from space 512K, 81% used [0x00000000d5b00000,0x00000000d5b68000,0x00000000d5b80000)
  to   space 512K, 0% used [0x00000000d5a80000,0x00000000d5a80000,0x00000000d5b00000)
 ParOldGen       total 879104K, used 878817K [0x0000000080000000, 0x00000000b5a80000, 0x00000000d5580000)
  object space 879104K, 99% used [0x0000000080000000,0x00000000b5a387b0,0x00000000b5a80000)
 Metaspace       used 78983K, committed 80768K, reserved 1179648K
  class space    used 10088K, committed 10880K, reserved 1048576K
}
Event: 602.016 GC heap after
{Heap after GC invocations=1382 (full 3):
 PSYoungGen      total 5120K, used 359K [0x00000000d5580000, 0x00000000d5b80000, 0x0000000100000000)
  eden space 4608K, 0% used [0x00000000d5580000,0x00000000d5580000,0x00000000d5a00000)
  from space 512K, 70% used [0x00000000d5a80000,0x00000000d5ad9f98,0x00000000d5b00000)
  to   space 512K, 0% used [0x00000000d5b00000,0x00000000d5b00000,0x00000000d5b80000)
 ParOldGen       total 879104K, used 878913K [0x0000000080000000, 0x00000000b5a80000, 0x00000000d5580000)
  object space 879104K, 99% used [0x0000000080000000,0x00000000b5a507b0,0x00000000b5a80000)
 Metaspace       used 78983K, committed 80768K, reserved 1179648K
  class space    used 10088K, committed 10880K, reserved 1048576K
}
Event: 602.070 GC heap before
{Heap before GC invocations=1383 (full 3):
 PSYoungGen      total 5120K, used 4967K [0x00000000d5580000, 0x00000000d5b80000, 0x0000000100000000)
  eden space 4608K, 100% used [0x00000000d5580000,0x00000000d5a00000,0x00000000d5a00000)
  from space 512K, 70% used [0x00000000d5a80000,0x00000000d5ad9f98,0x00000000d5b00000)
  to   space 512K, 0% used [0x00000000d5b00000,0x00000000d5b00000,0x00000000d5b80000)
 ParOldGen       total 879104K, used 878913K [0x0000000080000000, 0x00000000b5a80000, 0x00000000d5580000)
  object space 879104K, 99% used [0x0000000080000000,0x00000000b5a507b0,0x00000000b5a80000)
 Metaspace       used 78983K, committed 80768K, reserved 1179648K
  class space    used 10088K, committed 10880K, reserved 1048576K
}
Event: 602.072 GC heap after
{Heap after GC invocations=1383 (full 3):
 PSYoungGen      total 5120K, used 512K [0x00000000d5580000, 0x00000000d5c00000, 0x0000000100000000)
  eden space 4608K, 0% used [0x00000000d5580000,0x00000000d5580000,0x00000000d5a00000)
  from space 512K, 100% used [0x00000000d5b00000,0x00000000d5b80000,0x00000000d5b80000)
  to   space 1024K, 0% used [0x00000000d5a00000,0x00000000d5a00000,0x00000000d5b00000)
 ParOldGen       total 879616K, used 879252K [0x0000000080000000, 0x00000000b5b00000, 0x00000000d5580000)
  object space 879616K, 99% used [0x0000000080000000,0x00000000b5aa5290,0x00000000b5b00000)
 Metaspace       used 78983K, committed 80768K, reserved 1179648K
  class space    used 10088K, committed 10880K, reserved 1048576K
}
Event: 602.569 GC heap before
{Heap before GC invocations=1384 (full 3):
 PSYoungGen      total 5120K, used 5120K [0x00000000d5580000, 0x00000000d5c00000, 0x0000000100000000)
  eden space 4608K, 100% used [0x00000000d5580000,0x00000000d5a00000,0x00000000d5a00000)
  from space 512K, 100% used [0x00000000d5b00000,0x00000000d5b80000,0x00000000d5b80000)
  to   space 1024K, 0% used [0x00000000d5a00000,0x00000000d5a00000,0x00000000d5b00000)
 ParOldGen       total 879616K, used 879252K [0x0000000080000000, 0x00000000b5b00000, 0x00000000d5580000)
  object space 879616K, 99% used [0x0000000080000000,0x00000000b5aa5290,0x00000000b5b00000)
 Metaspace       used 78983K, committed 80768K, reserved 1179648K
  class space    used 10088K, committed 10880K, reserved 1048576K
}
Event: 602.571 GC heap after
{Heap after GC invocations=1384 (full 3):
 PSYoungGen      total 5632K, used 576K [0x00000000d5580000, 0x00000000d5c00000, 0x0000000100000000)
  eden space 4608K, 0% used [0x00000000d5580000,0x00000000d5580000,0x00000000d5a00000)
  from space 1024K, 56% used [0x00000000d5a00000,0x00000000d5a90000,0x00000000d5b00000)
  to   space 1024K, 0% used [0x00000000d5b00000,0x00000000d5b00000,0x00000000d5c00000)
 ParOldGen       total 880128K, used 879767K [0x0000000080000000, 0x00000000b5b80000, 0x00000000d5580000)
  object space 880128K, 99% used [0x0000000080000000,0x00000000b5b25e98,0x00000000b5b80000)
 Metaspace       used 78983K, committed 80768K, reserved 1179648K
  class space    used 10088K, committed 10880K, reserved 1048576K
}
Event: 602.740 GC heap before
{Heap before GC invocations=1385 (full 3):
 PSYoungGen      total 5632K, used 5184K [0x00000000d5580000, 0x00000000d5c00000, 0x0000000100000000)
  eden space 4608K, 100% used [0x00000000d5580000,0x00000000d5a00000,0x00000000d5a00000)
  from space 1024K, 56% used [0x00000000d5a00000,0x00000000d5a90000,0x00000000d5b00000)
  to   space 1024K, 0% used [0x00000000d5b00000,0x00000000d5b00000,0x00000000d5c00000)
 ParOldGen       total 880128K, used 879767K [0x0000000080000000, 0x00000000b5b80000, 0x00000000d5580000)
  object space 880128K, 99% used [0x0000000080000000,0x00000000b5b25e98,0x00000000b5b80000)
 Metaspace       used 78984K, committed 80768K, reserved 1179648K
  class space    used 10088K, committed 10880K, reserved 1048576K
}
Event: 602.748 GC heap after
{Heap after GC invocations=1385 (full 3):
 PSYoungGen      total 5632K, used 630K [0x00000000d5580000, 0x00000000d5c00000, 0x0000000100000000)
  eden space 4608K, 0% used [0x00000000d5580000,0x00000000d5580000,0x00000000d5a00000)
  from space 1024K, 61% used [0x00000000d5b00000,0x00000000d5b9d808,0x00000000d5c00000)
  to   space 1024K, 0% used [0x00000000d5a00000,0x00000000d5a00000,0x00000000d5b00000)
 ParOldGen       total 880640K, used 880287K [0x0000000080000000, 0x00000000b5c00000, 0x00000000d5580000)
  object space 880640K, 99% used [0x0000000080000000,0x00000000b5ba7e98,0x00000000b5c00000)
 Metaspace       used 78984K, committed 80768K, reserved 1179648K
  class space    used 10088K, committed 10880K, reserved 1048576K
}
Event: 606.087 GC heap before
{Heap before GC invocations=1386 (full 3):
 PSYoungGen      total 5632K, used 5238K [0x00000000d5580000, 0x00000000d5c00000, 0x0000000100000000)
  eden space 4608K, 100% used [0x00000000d5580000,0x00000000d5a00000,0x00000000d5a00000)
  from space 1024K, 61% used [0x00000000d5b00000,0x00000000d5b9d808,0x00000000d5c00000)
  to   space 1024K, 0% used [0x00000000d5a00000,0x00000000d5a00000,0x00000000d5b00000)
 ParOldGen       total 880640K, used 880287K [0x0000000080000000, 0x00000000b5c00000, 0x00000000d5580000)
  object space 880640K, 99% used [0x0000000080000000,0x00000000b5ba7e98,0x00000000b5c00000)
 Metaspace       used 78985K, committed 80768K, reserved 1179648K
  class space    used 10088K, committed 10880K, reserved 1048576K
}
Event: 606.099 GC heap after
{Heap after GC invocations=1386 (full 3):
 PSYoungGen      total 5632K, used 576K [0x00000000d5580000, 0x00000000d5c00000, 0x0000000100000000)
  eden space 4608K, 0% used [0x00000000d5580000,0x00000000d5580000,0x00000000d5a00000)
  from space 1024K, 56% used [0x00000000d5a00000,0x00000000d5a90000,0x00000000d5b00000)
  to   space 1024K, 0% used [0x00000000d5b00000,0x00000000d5b00000,0x00000000d5c00000)
 ParOldGen       total 881152K, used 880869K [0x0000000080000000, 0x00000000b5c80000, 0x00000000d5580000)
  object space 881152K, 99% used [0x0000000080000000,0x00000000b5c396a0,0x00000000b5c80000)
 Metaspace       used 78985K, committed 80768K, reserved 1179648K
  class space    used 10088K, committed 10880K, reserved 1048576K
}
Event: 607.647 GC heap before
{Heap before GC invocations=1387 (full 3):
 PSYoungGen      total 5632K, used 5184K [0x00000000d5580000, 0x00000000d5c00000, 0x0000000100000000)
  eden space 4608K, 100% used [0x00000000d5580000,0x00000000d5a00000,0x00000000d5a00000)
  from space 1024K, 56% used [0x00000000d5a00000,0x00000000d5a90000,0x00000000d5b00000)
  to   space 1024K, 0% used [0x00000000d5b00000,0x00000000d5b00000,0x00000000d5c00000)
 ParOldGen       total 881152K, used 880869K [0x0000000080000000, 0x00000000b5c80000, 0x00000000d5580000)
  object space 881152K, 99% used [0x0000000080000000,0x00000000b5c396a0,0x00000000b5c80000)
 Metaspace       used 78985K, committed 80768K, reserved 1179648K
  class space    used 10088K, committed 10880K, reserved 1048576K
}
Event: 607.668 GC heap after
{Heap after GC invocations=1387 (full 3):
 PSYoungGen      total 5632K, used 608K [0x00000000d5580000, 0x00000000d5c00000, 0x0000000100000000)
  eden space 4608K, 0% used [0x00000000d5580000,0x00000000d5580000,0x00000000d5a00000)
  from space 1024K, 59% used [0x00000000d5b00000,0x00000000d5b98000,0x00000000d5c00000)
  to   space 1024K, 0% used [0x00000000d5a00000,0x00000000d5a00000,0x00000000d5b00000)
 ParOldGen       total 881664K, used 881397K [0x0000000080000000, 0x00000000b5d00000, 0x00000000d5580000)
  object space 881664K, 99% used [0x0000000080000000,0x00000000b5cbd6a0,0x00000000b5d00000)
 Metaspace       used 78985K, committed 80768K, reserved 1179648K
  class space    used 10088K, committed 10880K, reserved 1048576K
}

